1 3 7 
7 0 3 
3 4 
7 1 0 2 4 
3 2 
8 7 
9 
3 8 5 0 1 
9 5 7 
6 8 
O..
...
...

O..
...
.O.

O..
.O.
.O.

O.M
.O.
.O.

O.M
.O.
.O.

O..
.O.
.O.

O..
...
.OM

O..
...
OOM

O..
...
MOM

O..
...
MO.

O..
.O.
...

O.M
.O.
...

O.M
.O.
...

O..
.O.
...

...
.O.
...

...
.O.
.O.

...
.O.
.OM

...
.O.
OOM

...
.O.
MOM

...
.O.
MO.

O..
.O.
.O.

O..
.O.
...

..M
.O.
...

..M
.O.
...

...
.O.
...

...
...
.O.

...
.O.
.O.

O..
.O.
.O.

..M
.O.
.O.

..M
.O.
.O.

...
.O.
.O.

...
...
.OM

...
...
OOM

...
...
MOM

...
...
MO.

O..
...
.O.

3